<?xml version="1.0" encoding="UTF-8"?>
<!-- Generated by org.testng.reporters.JUnitReportReporter -->
<testsuite hostname="HDEV036" name="datadriventests.WriteDataTest" tests="1" failures="0" timestamp="2 Jun 2022 02:22:17 GMT" time="1.884" errors="0">
  <testcase name="writedatatest" time="1.884" classname="datadriventests.WriteDataTest"/>
</testsuite> <!-- datadriventests.WriteDataTest -->
