<?xml version="1.0" encoding="UTF-8"?>
<!-- Generated by org.testng.reporters.JUnitReportReporter -->
<testsuite hostname="HDEV036" name="datadriventests.ExcelUtitlityTest" tests="1" failures="0" timestamp="2 Jun 2022 01:56:08 GMT" time="1.369" errors="0">
  <testcase name="excelutilitytest" time="1.369" classname="datadriventests.ExcelUtitlityTest"/>
</testsuite> <!-- datadriventests.ExcelUtitlityTest -->
