<?xml version="1.0" encoding="UTF-8"?>
<!-- Generated by org.testng.reporters.JUnitReportReporter -->
<testsuite hostname="HDEV036" name="datadriven.ReadData" tests="1" failures="0" timestamp="2 Jun 2022 01:44:32 GMT" time="1.470" errors="0">
  <testcase name="readdata" time="1.470" classname="datadriven.ReadData"/>
</testsuite> <!-- datadriven.ReadData -->
