<?xml version="1.0" encoding="UTF-8"?>
<!-- Generated by org.testng.reporters.JUnitReportReporter -->
<testsuite hostname="HDEV036" name="base.testexcel" tests="1" failures="0" timestamp="2 Jun 2022 12:38:53 GMT" time="1.593" errors="0">
  <testcase name="testt" time="1.593" classname="base.testexcel"/>
</testsuite> <!-- base.testexcel -->
